<?xml version="1.0" encoding="UTF-8"?>
<!-- Generated by org.testng.reporters.JUnitXMLReporter -->
<testsuite ignored="0" hostname="mary.local" failures="0" tests="9" name="Default test" time="9.116" errors="0" timestamp="2021-02-27T01:47:53 WAT">
  <testcase classname="LambdaTest.HomePageLoginClass" name="populateEmailTest" time="2.887"/>
  <testcase classname="LambdaTest.HomePageLoginClass" name="radioButtonTest" time="2.165"/>
  <testcase classname="LambdaTest.HomePageLoginClass" name="checkBoxTest" time="0.194"/>
  <testcase classname="LambdaTest.HomePageLoginClass" name="dropdownTest" time="0.308"/>
  <testcase classname="LambdaTest.HomePageLoginClass" name="feedbackTest" time="0.153"/>
  <testcase classname="LambdaTest.HomePageLoginClass" name="ratingScaleTest" time="0.462"/>
  <testcase classname="LambdaTest.HomePageLoginClass" name="launchnewTabTest" time="2.298"/>
  <testcase classname="LambdaTest.HomePageLoginClass" name="uploadlogoTest" time="0.237"/>
  <testcase classname="LambdaTest.HomePageLoginClass" name="submitPageTest" time="0.247"/>
</testsuite> <!-- Default test -->
